Arguments: 
  /home/hermes/.nvm/versions/node/v16.13.2/bin/node /usr/share/yarn/bin/yarn.js install

PATH: 
  /home/hermes/.nvm/versions/node/v16.13.2/bin:/usr/local/sbin:/usr/local/bin:/usr/sbin:/usr/bin:/sbin:/bin:/usr/games:/usr/local/games:/snap/bin

Yarn version: 
  1.22.19

Node version: 
  16.13.2

Platform: 
  linux x64

Trace: 
  Error: getaddrinfo EAI_AGAIN registry.yarnpkg.com
      at GetAddrInfoReqWrap.onlookup [as oncomplete] (node:dns:71:26)

npm manifest: 
  {
    "name": "cephalopod",
    "version": "0.0.1",
    "description": "Personal companion",
    "main": "Cephalopod.js",
    "type": "module",
    "scripts": {
      "start": "node Cephalopod"
    },
    "author": "",
    "license": "ISC",
    "dependencies": {
      "blessed": "^0.1.81",
      "blessed-contrib": "^4.11.0",
      "express": "^4.18.2",
      "express-session": "^1.17.3",
      "neo4j-driver": "^5.1.0",
      "prompt": "^1.3.0",
      "prompt-sync": "^4.2.0",
      "serialize-anything": "^1.2.3",
      "socket.io": "^4.5.3",
      "socket.io-client": "^4.5.3",
      "strftime": "^0.10.1",
      "term": "^0.0.2",
      "terminal-kit": "^3.0.0"
    }
  }

yarn manifest: 
  No manifest

Lockfile: 
  No lockfile
